kotlin version: 2.0.21
error message: org.jetbrains.kotlin.backend.common.BackendException: Backend Internal error: Exception during IR lowering
File being compiled: C:/Users/rampa/OneDrive/Documents/ComposeXLibrary/jcModule/src/main/java/com/example/jcmodule/AnimatedProgressBar.kt
The root cause java.lang.RuntimeException was thrown at: org.jetbrains.kotlin.backend.jvm.codegen.FunctionCodegen.generate(FunctionCodegen.kt:47)
	at org.jetbrains.kotlin.backend.common.CodegenUtil.reportBackendException(CodegenUtil.kt:253)
	at org.jetbrains.kotlin.backend.common.CodegenUtil.reportBackendException$default(CodegenUtil.kt:236)
	at org.jetbrains.kotlin.backend.common.phaser.PerformByIrFilePhase.invokeSequential(performByIrFile.kt:65)
	at org.jetbrains.kotlin.backend.common.phaser.PerformByIrFilePhase.invoke(performByIrFile.kt:52)
	at org.jetbrains.kotlin.backend.common.phaser.PerformByIrFilePhase.invoke(performByIrFile.kt:38)
	at org.jetbrains.kotlin.backend.common.phaser.NamedCompilerPhase.phaseBody(CompilerPhase.kt:166)
	at org.jetbrains.kotlin.backend.common.phaser.AbstractNamedCompilerPhase.invoke(CompilerPhase.kt:113)
	at org.jetbrains.kotlin.backend.common.phaser.CompositePhase.invoke(PhaseBuilders.kt:27)
	at org.jetbrains.kotlin.backend.common.phaser.CompositePhase.invoke(PhaseBuilders.kt:14)
	at org.jetbrains.kotlin.backend.common.phaser.NamedCompilerPhase.phaseBody(CompilerPhase.kt:166)
	at org.jetbrains.kotlin.backend.common.phaser.AbstractNamedCompilerPhase.invoke(CompilerPhase.kt:113)
	at org.jetbrains.kotlin.backend.common.phaser.CompilerPhaseKt.invokeToplevel(CompilerPhase.kt:62)
	at org.jetbrains.kotlin.backend.jvm.JvmIrCodegenFactory.invokeCodegen(JvmIrCodegenFactory.kt:371)
	at org.jetbrains.kotlin.codegen.CodegenFactory.generateModule(CodegenFactory.kt:47)
	at org.jetbrains.kotlin.backend.jvm.JvmIrCodegenFactory.generateModuleInFrontendIRMode(JvmIrCodegenFactory.kt:433)
	at org.jetbrains.kotlin.cli.jvm.compiler.pipeline.JvmCompilerPipelineKt.generateCodeFromIr(jvmCompilerPipeline.kt:246)
	at org.jetbrains.kotlin.cli.jvm.compiler.pipeline.JvmCompilerPipelineKt.compileModulesUsingFrontendIrAndLightTree(jvmCompilerPipeline.kt:142)
	at org.jetbrains.kotlin.cli.jvm.K2JVMCompiler.doExecute(K2JVMCompiler.kt:148)
	at org.jetbrains.kotlin.cli.jvm.K2JVMCompiler.doExecute(K2JVMCompiler.kt:43)
	at org.jetbrains.kotlin.cli.common.CLICompiler.execImpl(CLICompiler.kt:103)
	at org.jetbrains.kotlin.cli.common.CLICompiler.execImpl(CLICompiler.kt:49)
	at org.jetbrains.kotlin.cli.common.CLITool.exec(CLITool.kt:101)
	at org.jetbrains.kotlin.incremental.IncrementalJvmCompilerRunner.runCompiler(IncrementalJvmCompilerRunner.kt:464)
	at org.jetbrains.kotlin.incremental.IncrementalJvmCompilerRunner.runCompiler(IncrementalJvmCompilerRunner.kt:73)
	at org.jetbrains.kotlin.incremental.IncrementalCompilerRunner.doCompile(IncrementalCompilerRunner.kt:506)
	at org.jetbrains.kotlin.incremental.IncrementalCompilerRunner.compileImpl(IncrementalCompilerRunner.kt:423)
	at org.jetbrains.kotlin.incremental.IncrementalCompilerRunner.compileNonIncrementally(IncrementalCompilerRunner.kt:301)
	at org.jetbrains.kotlin.incremental.IncrementalCompilerRunner.compile(IncrementalCompilerRunner.kt:129)
	at org.jetbrains.kotlin.daemon.CompileServiceImplBase.execIncrementalCompiler(CompileServiceImpl.kt:675)
	at org.jetbrains.kotlin.daemon.CompileServiceImplBase.access$execIncrementalCompiler(CompileServiceImpl.kt:92)
	at org.jetbrains.kotlin.daemon.CompileServiceImpl.compile(CompileServiceImpl.kt:1660)
	at java.base/jdk.internal.reflect.DirectMethodHandleAccessor.invoke(Unknown Source)
	at java.base/java.lang.reflect.Method.invoke(Unknown Source)
	at java.rmi/sun.rmi.server.UnicastServerRef.dispatch(Unknown Source)
	at java.rmi/sun.rmi.transport.Transport$1.run(Unknown Source)
	at java.rmi/sun.rmi.transport.Transport$1.run(Unknown Source)
	at java.base/java.security.AccessController.doPrivileged(Unknown Source)
	at java.rmi/sun.rmi.transport.Transport.serviceCall(Unknown Source)
	at java.rmi/sun.rmi.transport.tcp.TCPTransport.handleMessages(Unknown Source)
	at java.rmi/sun.rmi.transport.tcp.TCPTransport$ConnectionHandler.run0(Unknown Source)
	at java.rmi/sun.rmi.transport.tcp.TCPTransport$ConnectionHandler.lambda$run$0(Unknown Source)
	at java.base/java.security.AccessController.doPrivileged(Unknown Source)
	at java.rmi/sun.rmi.transport.tcp.TCPTransport$ConnectionHandler.run(Unknown Source)
	at java.base/java.util.concurrent.ThreadPoolExecutor.runWorker(Unknown Source)
	at java.base/java.util.concurrent.ThreadPoolExecutor$Worker.run(Unknown Source)
	at java.base/java.lang.Thread.run(Unknown Source)
Caused by: java.lang.RuntimeException: Exception while generating code for:
FUN name:JCAnimatedProgressBar-OoHUuok visibility:public modality:FINAL <> (progress:kotlin.Float, modifier:androidx.compose.ui.Modifier, backgroundColor:androidx.compose.ui.graphics.Color, progressColor:androidx.compose.ui.graphics.Color, animationDuration:kotlin.Int) returnType:kotlin.Unit
  annotations:
    Composable
  VALUE_PARAMETER name:progress index:0 type:kotlin.Float
  VALUE_PARAMETER name:modifier index:1 type:androidx.compose.ui.Modifier
    EXPRESSION_BODY
      ERROR_EXPR 'Default Stub' type=androidx.compose.ui.Modifier
  VALUE_PARAMETER name:backgroundColor index:2 type:androidx.compose.ui.graphics.Color
    EXPRESSION_BODY
      ERROR_EXPR 'Default Stub' type=androidx.compose.ui.graphics.Color
  VALUE_PARAMETER name:progressColor index:3 type:androidx.compose.ui.graphics.Color
    EXPRESSION_BODY
      ERROR_EXPR 'Default Stub' type=androidx.compose.ui.graphics.Color
  VALUE_PARAMETER name:animationDuration index:4 type:kotlin.Int
    EXPRESSION_BODY
      ERROR_EXPR 'Default Stub' type=kotlin.Int
  BLOCK_BODY
    VAR name:validatedProgress type:kotlin.Float [val]
      CALL 'public final fun coerceIn (minimumValue: kotlin.Float, maximumValue: kotlin.Float): kotlin.Float declared in kotlin.ranges.RangesKt' type=kotlin.Float origin=null
        $receiver: GET_VAR 'progress: kotlin.Float declared in com.example.jcmodule.AnimatedProgressBarKt.JCAnimatedProgressBar-OoHUuok' type=kotlin.Float origin=null
        minimumValue: CONST Float type=kotlin.Float value=0.0
        maximumValue: CONST Float type=kotlin.Float value=1.0
    VAR name:animatedProgress type:androidx.compose.animation.core.Animatable<kotlin.Float, androidx.compose.animation.core.AnimationVector1D> [val]
      CALL 'public final fun remember <T> (calculation: @[DisallowComposableCalls] kotlin.Function0<T of androidx.compose.runtime.ComposablesKt.remember>): T of androidx.compose.runtime.ComposablesKt.remember [inline] declared in androidx.compose.runtime.ComposablesKt' type=androidx.compose.animation.core.Animatable<kotlin.Float, androidx.compose.animation.core.AnimationVector1D> origin=null
        <T>: androidx.compose.animation.core.Animatable<kotlin.Float, androidx.compose.animation.core.AnimationVector1D>
        calculation: BLOCK type=kotlin.Function0<androidx.compose.animation.core.Animatable<kotlin.Float, androidx.compose.animation.core.AnimationVector1D>> origin=LAMBDA
          COMPOSITE type=kotlin.Unit origin=null
          FUNCTION_REFERENCE 'private final fun JCAnimatedProgressBar_OoHUuok$lambda$0 (): androidx.compose.animation.core.Animatable<kotlin.Float, androidx.compose.animation.core.AnimationVector1D> declared in com.example.jcmodule.AnimatedProgressBarKt' type=kotlin.Function0<androidx.compose.animation.core.Animatable<kotlin.Float, androidx.compose.animation.core.AnimationVector1D>> origin=INLINE_LAMBDA reflectionTarget=null
    VAR name:coroutineScope type:kotlinx.coroutines.CoroutineScope [val]
      CALL 'public final fun rememberCoroutineScope$default (getContext: @[DisallowComposableCalls] kotlin.Function0<kotlin.coroutines.CoroutineContext>?, $mask0: kotlin.Int, $handler: kotlin.Any?): kotlinx.coroutines.CoroutineScope [inline] declared in androidx.compose.runtime.EffectsKt' type=kotlinx.coroutines.CoroutineScope origin=DEFAULT_DISPATCH_CALL
        getContext: COMPOSITE type=@[DisallowComposableCalls] kotlin.Function0<kotlin.coroutines.CoroutineContext>? origin=DEFAULT_VALUE
          CONST Null type=@[DisallowComposableCalls] kotlin.Function0<kotlin.coroutines.CoroutineContext>? value=null
        $mask0: CONST Int type=kotlin.Int value=1
        $handler: CONST Null type=kotlin.Any? value=null
    CALL 'public final fun LaunchedEffect (key1: kotlin.Any?, block: @[ExtensionFunctionType] kotlin.coroutines.SuspendFunction1<kotlinx.coroutines.CoroutineScope, kotlin.Unit>): kotlin.Unit declared in androidx.compose.runtime.EffectsKt' type=kotlin.Unit origin=null
      key1: GET_VAR 'val validatedProgress: kotlin.Float [val] declared in com.example.jcmodule.AnimatedProgressBarKt.JCAnimatedProgressBar-OoHUuok' type=kotlin.Float origin=null
      block: BLOCK type=com.example.jcmodule.AnimatedProgressBarKt.JCAnimatedProgressBar-OoHUuok.<no name provided> origin=null
        CLASS SUSPEND_LAMBDA CLASS name:<no name provided> modality:FINAL visibility:public/*package*/ superTypes:[kotlin.coroutines.jvm.internal.SuspendLambda; kotlin.jvm.functions.Function2<kotlinx.coroutines.CoroutineScope, kotlin.coroutines.Continuation<kotlin.Unit>?, kotlin.Any?>]
          $this: VALUE_PARAMETER INSTANCE_RECEIVER name:<this> type:com.example.jcmodule.AnimatedProgressBarKt.JCAnimatedProgressBar-OoHUuok.<no name provided>
          FIELD name:label type:kotlin.Int visibility:public/*package*/
          CONSTRUCTOR SUSPEND_LAMBDA visibility:public/*package*/ <> ($coroutineScope:kotlinx.coroutines.CoroutineScope, $modifier:androidx.compose.ui.Modifier, $animatedProgress:androidx.compose.animation.core.Animatable<kotlin.Float, androidx.compose.animation.core.AnimationVector1D>, $validatedProgress:kotlin.Float, $animationDuration:kotlin.Int, $progressColor:androidx.compose.ui.graphics.Color, $backgroundColor:androidx.compose.ui.graphics.Color, $completion:kotlin.coroutines.Continuation<com.example.jcmodule.AnimatedProgressBarKt.JCAnimatedProgressBar-OoHUuok.<no name provided>>?) returnType:com.example.jcmodule.AnimatedProgressBarKt.JCAnimatedProgressBar-OoHUuok.<no name provided> [primary]
            VALUE_PARAMETER BOUND_VALUE_PARAMETER name:$coroutineScope index:0 type:kotlinx.coroutines.CoroutineScope
            VALUE_PARAMETER BOUND_VALUE_PARAMETER name:$modifier index:1 type:androidx.compose.ui.Modifier
            VALUE_PARAMETER BOUND_VALUE_PARAMETER name:$animatedProgress index:2 type:androidx.compose.animation.core.Animatable<kotlin.Float, androidx.compose.animation.core.AnimationVector1D>
            VALUE_PARAMETER BOUND_VALUE_PARAMETER name:$validatedProgress index:3 type:kotlin.Float
            VALUE_PARAMETER BOUND_VALUE_PARAMETER name:$animationDuration index:4 type:kotlin.Int
            VALUE_PARAMETER BOUND_VALUE_PARAMETER name:$progressColor index:5 type:androidx.compose.ui.graphics.Color
            VALUE_PARAMETER BOUND_VALUE_PARAMETER name:$backgroundColor index:6 type:androidx.compose.ui.graphics.Color
            VALUE_PARAMETER name:$completion index:7 type:kotlin.coroutines.Continuation<com.example.jcmodule.AnimatedProgressBarKt.JCAnimatedProgressBar-OoHUuok.<no name provided>>?
            BLOCK_BODY
              SET_FIELD 'FIELD FIELD_FOR_CAPTURED_VALUE name:$coroutineScope type:kotlinx.coroutines.CoroutineScope visibility:public/*package*/ [final] declared in com.example.jcmodule.AnimatedProgressBarKt.JCAnimatedProgressBar-OoHUuok.<no name provided>' type=kotlin.Unit origin=INITIALIZER_OF_FIELD_FOR_CAPTURED_VALUE
                receiver: GET_VAR '<this>: com.example.jcmodule.AnimatedProgressBarKt.JCAnimatedProgressBar-OoHUuok.<no name provided> declared in com.example.jcmodule.AnimatedProgressBarKt.JCAnimatedProgressBar-OoHUuok.<no name provided>' type=com.example.jcmodule.AnimatedProgressBarKt.JCAnimatedProgressBar-OoHUuok.<no name provided> origin=null
                value: GET_VAR '$coroutineScope: kotlinx.coroutines.CoroutineScope declared in com.example.jcmodule.AnimatedProgressBarKt.JCAnimatedProgressBar-OoHUuok.<no name provided>.<init>' type=kotlinx.coroutines.CoroutineScope origin=null
              SET_FIELD 'FIELD FIELD_FOR_CAPTURED_VALUE name:$modifier type:androidx.compose.ui.Modifier visibility:public/*package*/ [final] declared in com.example.jcmodule.AnimatedProgressBarKt.JCAnimatedProgressBar-OoHUuok.<no name provided>' type=kotlin.Unit origin=INITIALIZER_OF_FIELD_FOR_CAPTURED_VALUE
                receiver: GET_VAR '<this>: com.example.jcmodule.AnimatedProgressBarKt.JCAnimatedProgressBar-OoHUuok.<no name provided> declared in com.example.jcmodule.AnimatedProgressBarKt.JCAnimatedProgressBar-OoHUuok.<no name provided>' type=com.example.jcmodule.AnimatedProgressBarKt.JCAnimatedProgressBar-OoHUuok.<no name provided> origin=null
                value: GET_VAR '$modifier: androidx.compose.ui.Modifier declared in com.example.jcmodule.AnimatedProgressBarKt.JCAnimatedProgressBar-OoHUuok.<no name provided>.<init>' type=androidx.compose.ui.Modifier origin=null
              SET_FIELD 'FIELD FIELD_FOR_CAPTURED_VALUE name:$animatedProgress type:androidx.compose.animation.core.Animatable<kotlin.Float, androidx.compose.animation.core.AnimationVector1D> visibility:public/*package*/ [final] declared in com.example.jcmodule.AnimatedProgressBarKt.JCAnimatedProgressBar-OoHUuok.<no name provided>' type=kotlin.Unit origin=INITIALIZER_OF_FIELD_FOR_CAPTURED_VALUE
                receiver: GET_VAR '<this>: com.example.jcmodule.AnimatedProgressBarKt.JCAnimatedProgressBar-OoHUuok.<no name provided> declared in com.example.jcmodule.AnimatedProgressBarKt.JCAnimatedProgressBar-OoHUuok.<no name provided>' type=com.example.jcmodule.AnimatedProgressBarKt.JCAnimatedProgressBar-OoHUuok.<no name provided> origin=null
                value: GET_VAR '$animatedProgress: androidx.compose.animation.core.Animatable<kotlin.Float, androidx.compose.animation.core.AnimationVector1D> declared in com.example.jcmodule.AnimatedProgressBarKt.JCAnimatedProgressBar-OoHUuok.<no name provided>.<init>' type=androidx.compose.animation.core.Animatable<kotlin.Float, androidx.compose.animation.core.AnimationVector1D> origin=null
              SET_FIELD 'FIELD FIELD_FOR_CAPTURED_VALUE name:$validatedProgress type:kotlin.Float visibility:public/*package*/ [final] declared in com.example.jcmodule.AnimatedProgressBarKt.JCAnimatedProgressBar-OoHUuok.<no name provided>' type=kotlin.Unit origin=INITIALIZER_OF_FIELD_FOR_CAPTURED_VALUE
                receiver: GET_VAR '<this>: com.example.jcmodule.AnimatedProgressBarKt.JCAnimatedProgressBar-OoHUuok.<no name provided> declared in com.example.jcmodule.AnimatedProgressBarKt.JCAnimatedProgressBar-OoHUuok.<no name provided>' type=com.example.jcmodule.AnimatedProgressBarKt.JCAnimatedProgressBar-OoHUuok.<no name provided> origin=null
                value: GET_VAR '$validatedProgress: kotlin.Float declared in com.example.jcmodule.AnimatedProgressBarKt.JCAnimatedProgressBar-OoHUuok.<no name provided>.<init>' type=kotlin.Float origin=null
              SET_FIELD 'FIELD FIELD_FOR_CAPTURED_VALUE name:$animationDuration type:kotlin.Int visibility:public/*package*/ [final] declared in com.example.jcmodule.AnimatedProgressBarKt.JCAnimatedProgressBar-OoHUuok.<no name provided>' type=kotlin.Unit origin=INITIALIZER_OF_FIELD_FOR_CAPTURED_VALUE
                receiver: GET_VAR '<this>: com.example.jcmodule.AnimatedProgressBarKt.JCAnimatedProgressBar-OoHUuok.<no name provided> declared in com.example.jcmodule.AnimatedProgressBarKt.JCAnimatedProgressBar-OoHUuok.<no name provided>' type=com.example.jcmodule.AnimatedProgressBarKt.JCAnimatedProgressBar-OoHUuok.<no name provided> origin=null
                value: GET_VAR '$animationDuration: kotlin.Int declared in com.example.jcmodule.AnimatedProgressBarKt.JCAnimatedProgressBar-OoHUuok.<no name provided>.<init>' type=kotlin.Int origin=null
              SET_FIELD 'FIELD FIELD_FOR_CAPTURED_VALUE name:$progressColor type:androidx.compose.ui.graphics.Color visibility:public/*package*/ [final] declared in com.example.jcmodule.AnimatedProgressBarKt.JCAnimatedProgressBar-OoHUuok.<no name provided>' type=kotlin.Unit origin=INITIALIZER_OF_FIELD_FOR_CAPTURED_VALUE
                receiver: GET_VAR '<this>: com.example.jcmodule.AnimatedProgressBarKt.JCAnimatedProgressBar-OoHUuok.<no name provided> declared in com.example.jcmodule.AnimatedProgressBarKt.JCAnimatedProgressBar-OoHUuok.<no name provided>' type=com.example.jcmodule.AnimatedProgressBarKt.JCAnimatedProgressBar-OoHUuok.<no name provided> origin=null
                value: GET_VAR '$progressColor: androidx.compose.ui.graphics.Color declared in com.example.jcmodule.AnimatedProgressBarKt.JCAnimatedProgressBar-OoHUuok.<no name provided>.<init>' type=androidx.compose.ui.graphics.Color origin=null
              SET_FIELD 'FIELD FIELD_FOR_CAPTURED_VALUE name:$backgroundColor type:androidx.compose.ui.graphics.Color visibility:public/*package*/ [final] declared in com.example.jcmodule.AnimatedProgressBarKt.JCAnimatedProgressBar-OoHUuok.<no name provided>' type=kotlin.Unit origin=INITIALIZER_OF_FIELD_FOR_CAPTURED_VALUE
                receiver: GET_VAR '<this>: com.example.jcmodule.AnimatedProgressBarKt.JCAnimatedProgressBar-OoHUuok.<no name provided> declared in com.example.jcmodule.AnimatedProgressBarKt.JCAnimatedProgressBar-OoHUuok.<no name provided>' type=com.example.jcmodule.AnimatedProgressBarKt.JCAnimatedProgressBar-OoHUuok.<no name provided> origin=null
                value: GET_VAR '$backgroundColor: androidx.compose.ui.graphics.Color declared in com.example.jcmodule.AnimatedProgressBarKt.JCAnimatedProgressBar-OoHUuok.<no name provided>.<init>' type=androidx.compose.ui.graphics.Color origin=null
              DELEGATING_CONSTRUCTOR_CALL 'public constructor <init> (arity: kotlin.Int, $completion: kotlin.coroutines.Continuation<kotlin.Any?>?) declared in kotlin.coroutines.jvm.internal.SuspendLambda'
                arity: CONST Int type=kotlin.Int value=2
                $completion: GET_VAR '$completion: kotlin.coroutines.Continuation<com.example.jcmodule.AnimatedProgressBarKt.JCAnimatedProgressBar-OoHUuok.<no name provided>>? declared in com.example.jcmodule.AnimatedProgressBarKt.JCAnimatedProgressBar-OoHUuok.<no name provided>.<init>' type=kotlin.coroutines.Continuation<com.example.jcmodule.AnimatedProgressBarKt.JCAnimatedProgressBar-OoHUuok.<no name provided>>? origin=null
              BLOCK type=kotlin.Unit origin=null
          FUN name:invokeSuspend visibility:public modality:FINAL <> ($this:com.example.jcmodule.AnimatedProgressBarKt.JCAnimatedProgressBar-OoHUuok.<no name provided>, $result:kotlin.Result<kotlin.Any?>) returnType:kotlin.Any?
            overridden:
              protected abstract fun invokeSuspend ($result: kotlin.Result<kotlin.Any?>): kotlin.Any? declared in kotlin.coroutines.jvm.internal.SuspendLambda
            $this: VALUE_PARAMETER INSTANCE_RECEIVER name:<this> type:com.example.jcmodule.AnimatedProgressBarKt.JCAnimatedProgressBar-OoHUuok.<no name provided>
            VALUE_PARAMETER name:$result index:0 type:kotlin.Result<kotlin.Any?>
            BLOCK_BODY
              COMPOSITE type=kotlin.Unit origin=null
                CALL 'public final fun launch$default (context: kotlin.coroutines.CoroutineContext?, start: kotlinx.coroutines.CoroutineStart?, block: @[ExtensionFunctionType] kotlin.coroutines.SuspendFunction1<kotlinx.coroutines.CoroutineScope, kotlin.Unit>, $mask0: kotlin.Int, $handler: kotlin.Any?): kotlinx.coroutines.Job declared in kotlinx.coroutines.BuildersKt' type=kotlinx.coroutines.Job origin=DEFAULT_DISPATCH_CALL
                  $receiver: GET_FIELD 'FIELD FIELD_FOR_CAPTURED_VALUE name:$coroutineScope type:kotlinx.coroutines.CoroutineScope visibility:public/*package*/ [final] declared in com.example.jcmodule.AnimatedProgressBarKt.JCAnimatedProgressBar-OoHUuok.<no name provided>' type=kotlinx.coroutines.CoroutineScope origin=null
                    receiver: GET_VAR '<this>: com.example.jcmodule.AnimatedProgressBarKt.JCAnimatedProgressBar-OoHUuok.<no name provided> declared in com.example.jcmodule.AnimatedProgressBarKt.JCAnimatedProgressBar-OoHUuok.<no name provided>.invokeSuspend' type=com.example.jcmodule.AnimatedProgressBarKt.JCAnimatedProgressBar-OoHUuok.<no name provided> origin=null
                  context: COMPOSITE type=kotlin.coroutines.CoroutineContext? origin=DEFAULT_VALUE
                    CONST Null type=kotlin.coroutines.CoroutineContext? value=null
                  start: COMPOSITE type=kotlinx.coroutines.CoroutineStart? origin=DEFAULT_VALUE
                    CONST Null type=kotlinx.coroutines.CoroutineStart? value=null
                  block: BLOCK type=com.example.jcmodule.AnimatedProgressBarKt.JCAnimatedProgressBar-OoHUuok.<no name provided>.invokeSuspend.<no name provided> origin=null
                    CLASS SUSPEND_LAMBDA CLASS name:<no name provided> modality:FINAL visibility:public/*package*/ superTypes:[kotlin.coroutines.jvm.internal.SuspendLambda; kotlin.jvm.functions.Function2<kotlinx.coroutines.CoroutineScope, kotlin.coroutines.Continuation<kotlin.Unit>?, kotlin.Any?>]
                      $this: VALUE_PARAMETER INSTANCE_RECEIVER name:<this> type:com.example.jcmodule.AnimatedProgressBarKt.JCAnimatedProgressBar-OoHUuok.<no name provided>.invokeSuspend.<no name provided>
                      FIELD name:label type:kotlin.Int visibility:public/*package*/
                      CONSTRUCTOR SUSPEND_LAMBDA visibility:public/*package*/ <> ($animatedProgress:androidx.compose.animation.core.Animatable<kotlin.Float, androidx.compose.animation.core.AnimationVector1D>, $validatedProgress:kotlin.Float, $animationDuration:kotlin.Int, $completion:kotlin.coroutines.Continuation<com.example.jcmodule.AnimatedProgressBarKt.JCAnimatedProgressBar-OoHUuok.<no name provided>.invokeSuspend.<no name provided>>?) returnType:com.example.jcmodule.AnimatedProgressBarKt.JCAnimatedProgressBar-OoHUuok.<no name provided>.invokeSuspend.<no name provided> [primary]
                        VALUE_PARAMETER BOUND_VALUE_PARAMETER name:$animatedProgress index:0 type:androidx.compose.animation.core.Animatable<kotlin.Float, androidx.compose.animation.core.AnimationVector1D>
                        VALUE_PARAMETER BOUND_VALUE_PARAMETER name:$validatedProgress index:1 type:kotlin.Float
                        VALUE_PARAMETER BOUND_VALUE_PARAMETER name:$animationDuration index:2 type:kotlin.Int
                        VALUE_PARAMETER name:$completion index:3 type:kotlin.coroutines.Continuation<com.example.jcmodule.AnimatedProgressBarKt.JCAnimatedProgressBar-OoHUuok.<no name provided>.invokeSuspend.<no name provided>>?
                        BLOCK_BODY
                          SET_FIELD 'FIELD FIELD_FOR_CAPTURED_VALUE name:$animatedProgress type:androidx.compose.animation.core.Animatable<kotlin.Float, androidx.compose.animation.core.AnimationVector1D> visibility:public/*package*/ [final] declared in com.example.jcmodule.AnimatedProgressBarKt.JCAnimatedProgressBar-OoHUuok.<no name provided>.invokeSuspend.<no name provided>' type=kotlin.Unit origin=INITIALIZER_OF_FIELD_FOR_CAPTURED_VALUE
                            receiver: GET_VAR '<this>: com.example.jcmodule.AnimatedProgressBarKt.JCAnimatedProgressBar-OoHUuok.<no name provided>.invokeSuspend.<no name provided> declared in com.example.jcmodule.AnimatedProgressBarKt.JCAnimatedProgressBar-OoHUuok.<no name provided>.invokeSuspend.<no name provided>' type=com.example.jcmodule.AnimatedProgressBarKt.JCAnimatedProgressBar-OoHUuok.<no name provided>.invokeSuspend.<no name provided> origin=null
                            value: GET_VAR '$animatedProgress: androidx.compose.animation.core.Animatable<kotlin.Float, androidx.compose.animation.core.AnimationVector1D> declared in com.example.jcmodule.AnimatedProgressBarKt.JCAnimatedProgressBar-OoHUuok.<no name provided>.invokeSuspend.<no name provided>.<init>' type=androidx.compose.animation.core.Animatable<kotlin.Float, androidx.compose.animation.core.AnimationVector1D> origin=null
                          SET_FIELD 'FIELD FIELD_FOR_CAPTURED_VALUE name:$validatedProgress type:kotlin.Float visibility:public/*package*/ [final] declared in com.example.jcmodule.AnimatedProgressBarKt.JCAnimatedProgressBar-OoHUuok.<no name provided>.invokeSuspend.<no name provided>' type=kotlin.Unit origin=INITIALIZER_OF_FIELD_FOR_CAPTURED_VALUE
                            receiver: GET_VAR '<this>: com.example.jcmodule.AnimatedProgressBarKt.JCAnimatedProgressBar-OoHUuok.<no name provided>.invokeSuspend.<no name provided> declared in com.example.jcmodule.AnimatedProgressBarKt.JCAnimatedProgressBar-OoHUuok.<no name provided>.invokeSuspend.<no name provided>' type=com.example.jcmodule.AnimatedProgressBarKt.JCAnimatedProgressBar-OoHUuok.<no name provided>.invokeSuspend.<no name provided> origin=null
                            value: GET_VAR '$validatedProgress: kotlin.Float declared in com.example.jcmodule.AnimatedProgressBarKt.JCAnimatedProgressBar-OoHUuok.<no name provided>.invokeSuspend.<no name provided>.<init>' type=kotlin.Float origin=null
                          SET_FIELD 'FIELD FIELD_FOR_CAPTURED_VALUE name:$animationDuration type:kotlin.Int visibility:public/*package*/ [final] declared in com.example.jcmodule.AnimatedProgressBarKt.JCAnimatedProgressBar-OoHUuok.<no name provided>.invokeSuspend.<no name provided>' type=kotlin.Unit origin=INITIALIZER_OF_FIELD_FOR_CAPTURED_VALUE
                            receiver: GET_VAR '<this>: com.example.jcmodule.AnimatedProgressBarKt.JCAnimatedProgressBar-OoHUuok.<no name provided>.invokeSuspend.<no name provided> declared in com.example.jcmodule.AnimatedProgressBarKt.JCAnimatedProgressBar-OoHUuok.<no name provided>.invokeSuspend.<no name provided>' type=com.example.jcmodule.AnimatedProgressBarKt.JCAnimatedProgressBar-OoHUuok.<no name provided>.invokeSuspend.<no name provided> origin=null
                            value: GET_VAR '$animationDuration: kotlin.Int declared in com.example.jcmodule.AnimatedProgressBarKt.JCAnimatedProgressBar-OoHUuok.<no name provided>.invokeSuspend.<no name provided>.<init>' type=kotlin.Int origin=null
                          DELEGATING_CONSTRUCTOR_CALL 'public constructor <init> (arity: kotlin.Int, $completion: kotlin.coroutines.Continuation<kotlin.Any?>?) declared in kotlin.coroutines.jvm.internal.SuspendLambda'
                            arity: CONST Int type=kotlin.Int value=2
                            $completion: GET_VAR '$completion: kotlin.coroutines.Continuation<com.example.jcmodule.AnimatedProgressBarKt.JCAnimatedProgressBar-OoHUuok.<no name provided>.invokeSuspend.<no name provided>>? declared in com.example.jcmodule.AnimatedProgressBarKt.JCAnimatedProgressBar-OoHUuok.<no name provided>.invokeSuspend.<no name provided>.<init>' type=kotlin.coroutines.Continuation<com.example.jcmodule.AnimatedProgressBarKt.JCAnimatedProgressBar-OoHUuok.<no name provided>.invokeSuspend.<no name provided>>? origin=null
                          BLOCK type=kotlin.Unit origin=null
                      FUN name:invokeSuspend visibility:public modality:FINAL <> ($this:com.example.jcmodule.AnimatedProgressBarKt.JCAnimatedProgressBar-OoHUuok.<no name provided>.invokeSuspend.<no name provided>, $result:kotlin.Result<kotlin.Any?>) returnType:kotlin.Any?
                        overridden:
                          protected abstract fun invokeSuspend ($result: kotlin.Result<kotlin.Any?>): kotlin.Any? declared in kotlin.coroutines.jvm.internal.SuspendLambda
                        $this: VALUE_PARAMETER INSTANCE_RECEIVER name:<this> type:com.example.jcmodule.AnimatedProgressBarKt.JCAnimatedProgressBar-OoHUuok.<no name provided>.invokeSuspend.<no name provided>
                        VALUE_PARAMETER name:$result index:0 type:kotlin.Result<kotlin.Any?>
                        BLOCK_BODY
                          COMPOSITE type=kotlin.Unit origin=null
                            TYPE_OP type=androidx.compose.animation.core.AnimationResult<kotlin.Float, androidx.compose.animation.core.AnimationVector1D> origin=IMPLICIT_CAST typeOperand=androidx.compose.animation.core.AnimationResult<kotlin.Float, androidx.compose.animation.core.AnimationVector1D>
                              CALL 'public final fun animateTo$default ($this: androidx.compose.animation.core.Animatable<T of androidx.compose.animation.core.Animatable, V of androidx.compose.animation.core.Animatable>, targetValue: T of androidx.compose.animation.core.Animatable, animationSpec: androidx.compose.animation.core.AnimationSpec<T of androidx.compose.animation.core.Animatable>?, initialVelocity: T of androidx.compose.animation.core.Animatable?, block: @[ExtensionFunctionType] kotlin.Function1<androidx.compose.animation.core.Animatable<T of androidx.compose.animation.core.Animatable, V of androidx.compose.animation.core.Animatable>, kotlin.Unit>?, $completion: kotlin.coroutines.Continuation<androidx.compose.animation.core.AnimationResult<T of androidx.compose.animation.core.Animatable, V of androidx.compose.animation.core.Animatable>>, $mask0: kotlin.Int, $handler: kotlin.Any?): kotlin.Any? [suspend] declared in androidx.compose.animation.core.Animatable' type=androidx.compose.animation.core.AnimationResult<T of androidx.compose.animation.core.Animatable, V of androidx.compose.animation.core.Animatable> origin=DEFAULT_DISPATCH_CALL
                                $this: GET_FIELD 'FIELD FIELD_FOR_CAPTURED_VALUE name:$animatedProgress type:androidx.compose.animation.core.Animatable<kotlin.Float, androidx.compose.animation.core.AnimationVector1D> visibility:public/*package*/ [final] declared in com.example.jcmodule.AnimatedProgressBarKt.JCAnimatedProgressBar-OoHUuok.<no name provided>.invokeSuspend.<no name provided>' type=androidx.compose.animation.core.Animatable<kotlin.Float, androidx.compose.animation.core.AnimationVector1D> origin=null
                                  receiver: GET_VAR '<this>: com.example.jcmodule.AnimatedProgressBarKt.JCAnimatedProgressBar-OoHUuok.<no name provided>.invokeSuspend.<no name provided> declared in com.example.jcmodule.AnimatedProgressBarKt.JCAnimatedProgressBar-OoHUuok.<no name provided>.invokeSuspend.<no name provided>.invokeSuspend' type=com.example.jcmodule.AnimatedProgressBarKt.JCAnimatedProgressBar-OoHUuok.<no name provided>.invokeSuspend.<no name provided> origin=null
                                targetValue: GET_FIELD 'FIELD FIELD_FOR_CAPTURED_VALUE name:$validatedProgress type:kotlin.Float visibility:public/*package*/ [final] declared in com.example.jcmodule.AnimatedProgressBarKt.JCAnimatedProgressBar-OoHUuok.<no name provided>.invokeSuspend.<no name provided>' type=kotlin.Float origin=null
                                  receiver: GET_VAR '<this>: com.example.jcmodule.AnimatedProgressBarKt.JCAnimatedProgressBar-OoHUuok.<no name provided>.invokeSuspend.<no name provided> declared in com.example.jcmodule.AnimatedProgressBarKt.JCAnimatedProgressBar-OoHUuok.<no name provided>.invokeSuspend.<no name provided>.invokeSuspend' type=com.example.jcmodule.AnimatedProgressBarKt.JCAnimatedProgressBar-OoHUuok.<no name provided>.invokeSuspend.<no name provided> origin=null
                                animationSpec: TYPE_OP type=androidx.compose.animation.core.TweenSpec<kotlin.Float> origin=IMPLICIT_CAST typeOperand=androidx.compose.animation.core.TweenSpec<kotlin.Float>
                                  CALL 'public final fun tween$default <T> (durationMillis: kotlin.Int, delayMillis: kotlin.Int, easing: androidx.compose.animation.core.Easing?, $mask0: kotlin.Int, $handler: kotlin.Any?): androidx.compose.animation.core.TweenSpec<T of androidx.compose.animation.core.AnimationSpecKt.tween$default> declared in androidx.compose.animation.core.AnimationSpecKt' type=androidx.compose.animation.core.TweenSpec<T of androidx.compose.animation.core.AnimationSpecKt.tween$default> origin=DEFAULT_DISPATCH_CALL
                                    <T>: kotlin.Float
                                    durationMillis: GET_FIELD 'FIELD FIELD_FOR_CAPTURED_VALUE name:$animationDuration type:kotlin.Int visibility:public/*package*/ [final] declared in com.example.jcmodule.AnimatedProgressBarKt.JCAnimatedProgressBar-OoHUuok.<no name provided>.invokeSuspend.<no name provided>' type=kotlin.Int origin=null
                                      receiver: GET_VAR '<this>: com.example.jcmodule.AnimatedProgressBarKt.JCAnimatedProgressBar-OoHUuok.<no name provided>.invokeSuspend.<no name provided> declared in com.example.jcmodule.AnimatedProgressBarKt.JCAnimatedProgressBar-OoHUuok.<no name provided>.invokeSuspend.<no name provided>.invokeSuspend' type=com.example.jcmodule.AnimatedProgressBarKt.JCAnimatedProgressBar-OoHUuok.<no name provided>.invokeSuspend.<no name provided> origin=null
                                    delayMillis: COMPOSITE type=kotlin.Int origin=DEFAULT_VALUE
                                      CONST Int type=kotlin.Int value=0
                                    easing: COMPOSITE type=androidx.compose.animation.core.Easing? origin=DEFAULT_VALUE
                                      CONST Null type=androidx.compose.animation.core.Easing? value=null
                                    $mask0: CONST Int type=kotlin.Int value=6
                                    $handler: CONST Null type=kotlin.Any? value=null
                                initialVelocity: COMPOSITE type=T of androidx.compose.animation.core.Animatable? origin=DEFAULT_VALUE
                                  CONST Null type=kotlin.Any? value=null
                                block: COMPOSITE type=@[ExtensionFunctionType] kotlin.Function1<androidx.compose.animation.core.Animatable<T of androidx.compose.animation.core.Animatable, V of androidx.compose.animation.core.Animatable>, kotlin.Unit>? origin=DEFAULT_VALUE
                                  CONST Null type=@[ExtensionFunctionType] kotlin.Function1<androidx.compose.animation.core.Animatable<T of androidx.compose.animation.core.Animatable, V of androidx.compose.animation.core.Animatable>, kotlin.Unit>? value=null
                                $completion: GET_VAR '<this>: com.example.jcmodule.AnimatedProgressBarKt.JCAnimatedProgressBar-OoHUuok.<no name provided>.invokeSuspend.<no name provided> declared in com.example.jcmodule.AnimatedProgressBarKt.JCAnimatedProgressBar-OoHUuok.<no name provided>.invokeSuspend.<no name provided>.invokeSuspend' type=com.example.jcmodule.AnimatedProgressBarKt.JCAnimatedProgressBar-OoHUuok.<no name provided>.invokeSuspend.<no name provided> origin=null
                                $mask0: CONST Int type=kotlin.Int value=12
                                $handler: CONST Null type=kotlin.Any? value=null
                            COMPOSITE type=kotlin.Unit origin=null
                      FUN name:create visibility:public modality:FINAL <> ($this:com.example.jcmodule.AnimatedProgressBarKt.JCAnimatedProgressBar-OoHUuok.<no name provided>.invokeSuspend.<no name provided>, value:kotlin.Any?, $completion:kotlin.coroutines.Continuation<kotlin.Nothing>) returnType:kotlin.coroutines.Continuation<kotlin.Unit>
                        overridden:
                          public open fun create (value: kotlin.Any?, $completion: kotlin.coroutines.Continuation<kotlin.Nothing>): kotlin.coroutines.Continuation<kotlin.Unit> declared in kotlin.coroutines.jvm.internal.SuspendLambda
                        $this: VALUE_PARAMETER INSTANCE_RECEIVER name:<this> type:com.example.jcmodule.AnimatedProgressBarKt.JCAnimatedProgressBar-OoHUuok.<no name provided>.invokeSuspend.<no name provided>
                        VALUE_PARAMETER name:value index:0 type:kotlin.Any?
                        VALUE_PARAMETER name:$completion index:1 type:kotlin.coroutines.Continuation<kotlin.Nothing>
                        BLOCK_BODY
                          RETURN type=kotlin.Nothing from='public final fun create (value: kotlin.Any?, $completion: kotlin.coroutines.Continuation<kotlin.Nothing>): kotlin.coroutines.Continuation<kotlin.Unit> declared in com.example.jcmodule.AnimatedProgressBarKt.JCAnimatedProgressBar-OoHUuok.<no name provided>.invokeSuspend.<no name provided>'
                            CONSTRUCTOR_CALL 'public/*package*/ constructor <init> ($animatedProgress: androidx.compose.animation.core.Animatable<kotlin.Float, androidx.compose.animation.core.AnimationVector1D>, $validatedProgress: kotlin.Float, $animationDuration: kotlin.Int, $completion: kotlin.coroutines.Continuation<com.example.jcmodule.AnimatedProgressBarKt.JCAnimatedProgressBar-OoHUuok.<no name provided>.invokeSuspend.<no name provided>>?) [primary] declared in com.example.jcmodule.AnimatedProgressBarKt.JCAnimatedProgressBar-OoHUuok.<no name provided>.invokeSuspend.<no name provided>' type=com.example.jcmodule.AnimatedProgressBarKt.JCAnimatedProgressBar-OoHUuok.<no name provided>.invokeSuspend.<no name provided> origin=null
                              $animatedProgress: GET_FIELD 'FIELD FIELD_FOR_CAPTURED_VALUE name:$animatedProgress type:androidx.compose.animation.core.Animatable<kotlin.Float, androidx.compose.animation.core.AnimationVector1D> visibility:public/*package*/ [final] declared in com.example.jcmodule.AnimatedProgressBarKt.JCAnimatedProgressBar-OoHUuok.<no name provided>.invokeSuspend.<no name provided>' type=androidx.compose.animation.core.Animatable<kotlin.Float, androidx.compose.animation.core.AnimationVector1D> origin=null
                                receiver: GET_VAR '<this>: com.example.jcmodule.AnimatedProgressBarKt.JCAnimatedProgressBar-OoHUuok.<no name provided>.invokeSuspend.<no name provided> declared in com.example.jcmodule.AnimatedProgressBarKt.JCAnimatedProgressBar-OoHUuok.<no name provided>.invokeSuspend.<no name provided>.create' type=com.example.jcmodule.AnimatedProgressBarKt.JCAnimatedProgressBar-OoHUuok.<no name provided>.invokeSuspend.<no name provided> origin=null
                              $validatedProgress: GET_FIELD 'FIELD FIELD_FOR_CAPTURED_VALUE name:$validatedProgress type:kotlin.Float visibility:public/*package*/ [final] declared in com.example.jcmodule.AnimatedProgressBarKt.JCAnimatedProgressBar-OoHUuok.<no name provided>.invokeSuspend.<no name provided>' type=kotlin.Float origin=null
                                receiver: GET_VAR '<this>: com.example.jcmodule.AnimatedProgressBarKt.JCAnimatedProgressBar-OoHUuok.<no name provided>.invokeSuspend.<no name provided> declared in com.example.jcmodule.AnimatedProgressBarKt.JCAnimatedProgressBar-OoHUuok.<no name provided>.invokeSuspend.<no name provided>.create' type=com.example.jcmodule.AnimatedProgressBarKt.JCAnimatedProgressBar-OoHUuok.<no name provided>.invokeSuspend.<no name provided> origin=null
                              $animationDuration: GET_FIELD 'FIELD FIELD_FOR_CAPTURED_VALUE name:$animationDuration type:kotlin.Int visibility:public/*package*/ [final] declared in com.example.jcmodule.AnimatedProgressBarKt.JCAnimatedProgressBar-OoHUuok.<no name provided>.invokeSuspend.<no name provided>' type=kotlin.Int origin=null
                                receiver: GET_VAR '<this>: com.example.jcmodule.AnimatedProgressBarKt.JCAnimatedProgressBar-OoHUuok.<no name provided>.invokeSuspend.<no name provided> declared in com.example.jcmodule.AnimatedProgressBarKt.JCAnimatedProgressBar-OoHUuok.<no name provided>.invokeSuspend.<no name provided>.create' type=com.example.jcmodule.AnimatedProgressBarKt.JCAnimatedProgressBar-OoHUuok.<no name provided>.invokeSuspend.<no name provided> origin=null
                              $completion: GET_VAR '$completion: kotlin.coroutines.Continuation<kotlin.Nothing> declared in com.example.jcmodule.AnimatedProgressBarKt.JCAnimatedProgressBar-OoHUuok.<no name provided>.invokeSuspend.<no name provided>.create' type=kotlin.coroutines.Continuation<kotlin.Nothing> origin=null
                      FUN name:invoke visibility:public modality:FINAL <> ($this:com.example.jcmodule.AnimatedProgressBarKt.JCAnimatedProgressBar-OoHUuok.<no name provided>.invokeSuspend.<no name provided>, p1:kotlinx.coroutines.CoroutineScope, p2:kotlin.coroutines.Continuation<kotlin.Unit>?) returnType:kotlin.Any?
                        overridden:
                          public abstract fun invoke (p1: P1 of kotlin.jvm.functions.Function2, p2: P2 of kotlin.jvm.functions.Function2): R of kotlin.jvm.functions.Function2 declared in kotlin.jvm.functions.Function2
                        $this: VALUE_PARAMETER INSTANCE_RECEIVER name:<this> type:com.example.jcmodule.AnimatedProgressBarKt.JCAnimatedProgressBar-OoHUuok.<no name provided>.invokeSuspend.<no name provided>
                        VALUE_PARAMETER name:p1 index:0 type:kotlinx.coroutines.CoroutineScope
                        VALUE_PARAMETER name:p2 index:1 type:kotlin.coroutines.Continuation<kotlin.Unit>?
                        BLOCK_BODY
                          RETURN type=kotlin.Nothing from='public final fun invoke (p1: kotlinx.coroutines.CoroutineScope, p2: kotlin.coroutines.Continuation<kotlin.Unit>?): kotlin.Any? declared in com.example.jcmodule.AnimatedProgressBarKt.JCAnimatedProgressBar-OoHUuok.<no name provided>.invokeSuspend.<no name provided>'
                            CALL 'public final fun invokeSuspend ($result: kotlin.Result<kotlin.Any?>): kotlin.Any? declared in com.example.jcmodule.AnimatedProgressBarKt.JCAnimatedProgressBar-OoHUuok.<no name provided>.invokeSuspend.<no name provided>' type=kotlin.Any? origin=null
                              $this: TYPE_OP type=com.example.jcmodule.AnimatedProgressBarKt.JCAnimatedProgressBar-OoHUuok.<no name provided>.invokeSuspend.<no name provided> origin=IMPLICIT_CAST typeOperand=com.example.jcmodule.AnimatedProgressBarKt.JCAnimatedProgressBar-OoHUuok.<no name provided>.invokeSuspend.<no name provided>
                                CALL 'public final fun create (value: kotlin.Any?, $completion: kotlin.coroutines.Continuation<kotlin.Nothing>): kotlin.coroutines.Continuation<kotlin.Unit> declared in com.example.jcmodule.AnimatedProgressBarKt.JCAnimatedProgressBar-OoHUuok.<no name provided>.invokeSuspend.<no name provided>' type=kotlin.coroutines.Continuation<kotlin.Unit> origin=null
                                  $this: GET_VAR '<this>: com.example.jcmodule.AnimatedProgressBarKt.JCAnimatedProgressBar-OoHUuok.<no name provided>.invokeSuspend.<no name provided> declared in com.example.jcmodule.AnimatedProgressBarKt.JCAnimatedProgressBar-OoHUuok.<no name provided>.invokeSuspend.<no name provided>.invoke' type=com.example.jcmodule.AnimatedProgressBarKt.JCAnimatedProgressBar-OoHUuok.<no name provided>.invokeSuspend.<no name provided> origin=null
                                  value: GET_VAR 'p1: kotlinx.coroutines.CoroutineScope declared in com.example.jcmodule.AnimatedProgressBarKt.JCAnimatedProgressBar-OoHUuok.<no name provided>.invokeSuspend.<no name provided>.invoke' type=kotlinx.coroutines.CoroutineScope origin=null
                                  $completion: GET_VAR 'p2: kotlin.coroutines.Continuation<kotlin.Unit>? declared in com.example.jcmodule.AnimatedProgressBarKt.JCAnimatedProgressBar-OoHUuok.<no name provided>.invokeSuspend.<no name provided>.invoke' type=kotlin.coroutines.Continuation<kotlin.Unit>? origin=null
                              $result: CALL 'public final fun <unsafe-coerce> <T, R> (v: T of kotlin.jvm.internal.<unsafe-coerce>): R of kotlin.jvm.internal.<unsafe-coerce> declared in kotlin.jvm.internal' type=kotlin.Result<kotlin.Any?> origin=null
                                <T>: kotlin.Any?
                                <R>: kotlin.Result<kotlin.Any?>
                                v: GET_FIELD 'FIELD FIELD_FOR_OBJECT_INSTANCE name:INSTANCE type:kotlin.Unit visibility:public [final,static] declared in kotlin.Unit' type=kotlin.Unit origin=null
                      FIELD FIELD_FOR_CAPTURED_VALUE name:$animatedProgress type:androidx.compose.animation.core.Animatable<kotlin.Float, androidx.compose.animation.core.AnimationVector1D> visibility:public/*package*/ [final]
                      FIELD FIELD_FOR_CAPTURED_VALUE name:$validatedProgress type:kotlin.Float visibility:public/*package*/ [final]
                      FIELD FIELD_FOR_CAPTURED_VALUE name:$animationDuration type:kotlin.Int visibility:public/*package*/ [final]
                      FUN BRIDGE name:invoke visibility:public modality:OPEN <> ($this:com.example.jcmodule.AnimatedProgressBarKt.JCAnimatedProgressBar-OoHUuok.<no name provided>.invokeSuspend.<no name provided>, p1:kotlin.Any?, p2:kotlin.Any?) returnType:kotlin.Any?
                        $this: VALUE_PARAMETER INSTANCE_RECEIVER name:<this> type:com.example.jcmodule.AnimatedProgressBarKt.JCAnimatedProgressBar-OoHUuok.<no name provided>.invokeSuspend.<no name provided>
                        VALUE_PARAMETER BRIDGE name:p1 index:0 type:kotlin.Any?
                        VALUE_PARAMETER BRIDGE name:p2 index:1 type:kotlin.Any?
                        EXPRESSION_BODY
                          RETURN type=kotlin.Nothing from='public open fun invoke (p1: kotlin.Any?, p2: kotlin.Any?): kotlin.Any? declared in com.example.jcmodule.AnimatedProgressBarKt.JCAnimatedProgressBar-OoHUuok.<no name provided>.invokeSuspend.<no name provided>'
                            CALL 'public final fun invoke (p1: kotlinx.coroutines.CoroutineScope, p2: kotlin.coroutines.Continuation<kotlin.Unit>?): kotlin.Any? declared in com.example.jcmodule.AnimatedProgressBarKt.JCAnimatedProgressBar-OoHUuok.<no name provided>.invokeSuspend.<no name provided>' type=kotlin.Any? origin=BRIDGE_DELEGATION
                              $this: GET_VAR '<this>: com.example.jcmodule.AnimatedProgressBarKt.JCAnimatedProgressBar-OoHUuok.<no name provided>.invokeSuspend.<no name provided> declared in com.example.jcmodule.AnimatedProgressBarKt.JCAnimatedProgressBar-OoHUuok.<no name provided>.invokeSuspend.<no name provided>.invoke' type=com.example.jcmodule.AnimatedProgressBarKt.JCAnimatedProgressBar-OoHUuok.<no name provided>.invokeSuspend.<no name provided> origin=null
                              p1: TYPE_OP type=kotlinx.coroutines.CoroutineScope origin=IMPLICIT_CAST typeOperand=kotlinx.coroutines.CoroutineScope
                                GET_VAR 'p1: kotlin.Any? declared in com.example.jcmodule.AnimatedProgressBarKt.JCAnimatedProgressBar-OoHUuok.<no name provided>.invokeSuspend.<no name provided>.invoke' type=kotlin.Any? origin=null
                              p2: TYPE_OP type=kotlin.coroutines.Continuation<*> origin=IMPLICIT_CAST typeOperand=kotlin.coroutines.Continuation<*>
                                GET_VAR 'p2: kotlin.Any? declared in com.example.jcmodule.AnimatedProgressBarKt.JCAnimatedProgressBar-OoHUuok.<no name provided>.invokeSuspend.<no name provided>.invoke' type=kotlin.Any? origin=null
                    CONSTRUCTOR_CALL 'public/*package*/ constructor <init> ($animatedProgress: androidx.compose.animation.core.Animatable<kotlin.Float, androidx.compose.animation.core.AnimationVector1D>, $validatedProgress: kotlin.Float, $animationDuration: kotlin.Int, $completion: kotlin.coroutines.Continuation<com.example.jcmodule.AnimatedProgressBarKt.JCAnimatedProgressBar-OoHUuok.<no name provided>.invokeSuspend.<no name provided>>?) [primary] declared in com.example.jcmodule.AnimatedProgressBarKt.JCAnimatedProgressBar-OoHUuok.<no name provided>.invokeSuspend.<no name provided>' type=com.example.jcmodule.AnimatedProgressBarKt.JCAnimatedProgressBar-OoHUuok.<no name provided>.invokeSuspend.<no name provided> origin=null
                      $animatedProgress: GET_FIELD 'FIELD FIELD_FOR_CAPTURED_VALUE name:$animatedProgress type:androidx.compose.animation.core.Animatable<kotlin.Float, androidx.compose.animation.core.AnimationVector1D> visibility:public/*package*/ [final] declared in com.example.jcmodule.AnimatedProgressBarKt.JCAnimatedProgressBar-OoHUuok.<no name provided>' type=androidx.compose.animation.core.Animatable<kotlin.Float, androidx.compose.animation.core.AnimationVector1D> origin=null
                        receiver: GET_VAR '<this>: com.example.jcmodule.AnimatedProgressBarKt.JCAnimatedProgressBar-OoHUuok.<no name provided> declared in com.example.jcmodule.AnimatedProgressBarKt.JCAnimatedProgressBar-OoHUuok.<no name provided>.invokeSuspend' type=com.example.jcmodule.AnimatedProgressBarKt.JCAnimatedProgressBar-OoHUuok.<no name provided> origin=null
                      $validatedProgress: GET_FIELD 'FIELD FIELD_FOR_CAPTURED_VALUE name:$validatedProgress type:kotlin.Float visibility:public/*package*/ [final] declared in com.example.jcmodule.AnimatedProgressBarKt.JCAnimatedProgressBar-OoHUuok.<no name provided>' type=kotlin.Float origin=null
                        receiver: GET_VAR '<this>: com.example.jcmodule.AnimatedProgressBarKt.JCAnimatedProgressBar-OoHUuok.<no name provided> declared in com.example.jcmodule.AnimatedProgressBarKt.JCAnimatedProgressBar-OoHUuok.<no name provided>.invokeSuspend' type=com.example.jcmodule.AnimatedProgressBarKt.JCAnimatedProgressBar-OoHUuok.<no name provided> origin=null
                      $animationDuration: GET_FIELD 'FIELD FIELD_FOR_CAPTURED_VALUE name:$animationDuration type:kotlin.Int visibility:public/*package*/ [final] declared in com.example.jcmodule.AnimatedProgressBarKt.JCAnimatedProgressBar-OoHUuok.<no name provided>' type=kotlin.Int origin=null
                        receiver: GET_VAR '<this>: com.example.jcmodule.AnimatedProgressBarKt.JCAnimatedProgressBar-OoHUuok.<no name provided> declared in com.example.jcmodule.AnimatedProgressBarKt.JCAnimatedProgressBar-OoHUuok.<no name provided>.invokeSuspend' type=com.example.jcmodule.AnimatedProgressBarKt.JCAnimatedProgressBar-OoHUuok.<no name provided> origin=null
                      $completion: CONST Null type=kotlin.Nothing? value=null
                  $mask0: CONST Int type=kotlin.Int value=3
                  $handler: CONST Null type=kotlin.Any? value=null
                COMPOSITE type=kotlin.Unit origin=null
              CALL 'public final fun Column$default (modifier: androidx.compose.ui.Modifier?, verticalArrangement: androidx.compose.foundation.layout.Arrangement.Vertical?, horizontalAlignment: androidx.compose.ui.Alignment.Horizontal?, content: @[Composable] @[ExtensionFunctionType] kotlin.Function1<androidx.compose.foundation.layout.ColumnScope, kotlin.Unit>, $mask0: kotlin.Int, $handler: kotlin.Any?): kotlin.Unit [inline] declared in androidx.compose.foundation.layout.ColumnKt' type=kotlin.Unit origin=DEFAULT_DISPATCH_CALL
                modifier: CALL 'public final fun padding-VpY3zN4$default (horizontal: androidx.compose.ui.unit.Dp, vertical: androidx.compose.ui.unit.Dp, $mask0: kotlin.Int, $handler: kotlin.Any?): androidx.compose.ui.Modifier declared in androidx.compose.foundation.layout.PaddingKt' type=androidx.compose.ui.Modifier origin=DEFAULT_DISPATCH_CALL
                  $receiver: GET_FIELD 'FIELD FIELD_FOR_CAPTURED_VALUE name:$modifier type:androidx.compose.ui.Modifier visibility:public/*package*/ [final] declared in com.example.jcmodule.AnimatedProgressBarKt.JCAnimatedProgressBar-OoHUuok.<no name provided>' type=androidx.compose.ui.Modifier origin=null
                    receiver: GET_VAR '<this>: com.example.jcmodule.AnimatedProgressBarKt.JCAnimatedProgressBar-OoHUuok.<no name provided> declared in com.example.jcmodule.AnimatedProgressBarKt.JCAnimatedProgressBar-OoHUuok.<no name provided>.invokeSuspend' type=com.example.jcmodule.AnimatedProgressBarKt.JCAnimatedProgressBar-OoHUuok.<no name provided> origin=null
                  horizontal: COMPOSITE type=androidx.compose.ui.unit.Dp origin=DEFAULT_VALUE
                    CALL 'public final fun <unsafe-coerce> <T, R> (v: T of kotlin.jvm.internal.<unsafe-coerce>): R of kotlin.jvm.internal.<unsafe-coerce> declared in kotlin.jvm.internal' type=androidx.compose.ui.unit.Dp origin=null
                      <T>: kotlin.Float
                      <R>: androidx.compose.ui.unit.Dp
                      v: CONST Float type=kotlin.Float value=0.0
                  vertical: CALL 'public final fun <get-dp> (): androidx.compose.ui.unit.Dp [inline] declared in androidx.compose.ui.unit.DpKt' type=androidx.compose.ui.unit.Dp origin=GET_PROPERTY
                    $receiver: CONST Int type=kotlin.Int value=8
                  $mask0: CONST Int type=kotlin.Int value=1
                  $handler: CONST Null type=kotlin.Any? value=null
                verticalArrangement: COMPOSITE type=androidx.compose.foundation.layout.Arrangement.Vertical? origin=DEFAULT_VALUE
                  CONST Null type=androidx.compose.foundation.layout.Arrangement.Vertical? value=null
                horizontalAlignment: COMPOSITE type=androidx.compose.ui.Alignment.Horizontal? origin=DEFAULT_VALUE
                  CONST Null type=androidx.compose.ui.Alignment.Horizontal? value=null
                content: BLOCK type=@[ExtensionFunctionType] kotlin.Function1<androidx.compose.foundation.layout.ColumnScope, kotlin.Unit> origin=LAMBDA
                  COMPOSITE type=kotlin.Unit origin=null
                  FUNCTION_REFERENCE 'private final fun invokeSuspend$lambda$0 ($animatedProgress: androidx.compose.animation.core.Animatable<kotlin.Float, androidx.compose.animation.core.AnimationVector1D>, $progressColor: androidx.compose.ui.graphics.Color, $backgroundColor: androidx.compose.ui.graphics.Color): kotlin.Unit declared in com.example.jcmodule.AnimatedProgressBarKt.JCAnimatedProgressBar-OoHUuok.<no name provided>' type=@[ExtensionFunctionType] kotlin.Function1<androidx.compose.foundation.layout.ColumnScope, kotlin.Unit> origin=INLINE_LAMBDA reflectionTarget=null
                    $animatedProgress: GET_FIELD 'FIELD FIELD_FOR_CAPTURED_VALUE name:$animatedProgress type:androidx.compose.animation.core.Animatable<kotlin.Float, androidx.compose.animation.core.AnimationVector1D> visibility:public/*package*/ [final] declared in com.example.jcmodule.AnimatedProgressBarKt.JCAnimatedProgressBar-OoHUuok.<no name provided>' type=androidx.compose.animation.core.Animatable<kotlin.Float, androidx.compose.animation.core.AnimationVector1D> origin=null
                      receiver: GET_VAR '<this>: com.example.jcmodule.AnimatedProgressBarKt.JCAnimatedProgressBar-OoHUuok.<no name provided> declared in com.example.jcmodule.AnimatedProgressBarKt.JCAnimatedProgressBar-OoHUuok.<no name provided>.invokeSuspend' type=com.example.jcmodule.AnimatedProgressBarKt.JCAnimatedProgressBar-OoHUuok.<no name provided> origin=null
                    $progressColor: GET_FIELD 'FIELD FIELD_FOR_CAPTURED_VALUE name:$progressColor type:androidx.compose.ui.graphics.Color visibility:public/*package*/ [final] declared in com.example.jcmodule.AnimatedProgressBarKt.JCAnimatedProgressBar-OoHUuok.<no name provided>' type=androidx.compose.ui.graphics.Color origin=null
                      receiver: GET_VAR '<this>: com.example.jcmodule.AnimatedProgressBarKt.JCAnimatedProgressBar-OoHUuok.<no name provided> declared in com.example.jcmodule.AnimatedProgressBarKt.JCAnimatedProgressBar-OoHUuok.<no name provided>.invokeSuspend' type=com.example.jcmodule.AnimatedProgressBarKt.JCAnimatedProgressBar-OoHUuok.<no name provided> origin=null
                    $backgroundColor: GET_FIELD 'FIELD FIELD_FOR_CAPTURED_VALUE name:$backgroundColor type:androidx.compose.ui.graphics.Color visibility:public/*package*/ [final] declared in com.example.jcmodule.AnimatedProgressBarKt.JCAnimatedProgressBar-OoHUuok.<no name provided>' type=androidx.compose.ui.graphics.Color origin=null
                      receiver: GET_VAR '<this>: com.example.jcmodule.AnimatedProgressBarKt.JCAnimatedProgressBar-OoHUuok.<no name provided> declared in com.example.jcmodule.AnimatedProgressBarKt.JCAnimatedProgressBar-OoHUuok.<no name provided>.invokeSuspend' type=com.example.jcmodule.AnimatedProgressBarKt.JCAnimatedProgressBar-OoHUuok.<no name provided> origin=null
                $mask0: CONST Int type=kotlin.Int value=6
                $handler: CONST Null type=kotlin.Any? value=null
          FUN name:create visibility:public modality:FINAL <> ($this:com.example.jcmodule.AnimatedProgressBarKt.JCAnimatedProgressBar-OoHUuok.<no name provided>, value:kotlin.Any?, $completion:kotlin.coroutines.Continuation<kotlin.Nothing>) returnType:kotlin.coroutines.Continuation<kotlin.Unit>
            overridden:
              public open fun create (value: kotlin.Any?, $completion: kotlin.coroutines.Continuation<kotlin.Nothing>): kotlin.coroutines.Continuation<kotlin.Unit> declared in kotlin.coroutines.jvm.internal.SuspendLambda
            $this: VALUE_PARAMETER INSTANCE_RECEIVER name:<this> type:com.example.jcmodule.AnimatedProgressBarKt.JCAnimatedProgressBar-OoHUuok.<no name provided>
            VALUE_PARAMETER name:value index:0 type:kotlin.Any?
            VALUE_PARAMETER name:$completion index:1 type:kotlin.coroutines.Continuation<kotlin.Nothing>
            BLOCK_BODY
              RETURN type=kotlin.Nothing from='public final fun create (value: kotlin.Any?, $completion: kotlin.coroutines.Continuation<kotlin.Nothing>): kotlin.coroutines.Continuation<kotlin.Unit> declared in com.example.jcmodule.AnimatedProgressBarKt.JCAnimatedProgressBar-OoHUuok.<no name provided>'
                CONSTRUCTOR_CALL 'public/*package*/ constructor <init> ($coroutineScope: kotlinx.coroutines.CoroutineScope, $modifier: androidx.compose.ui.Modifier, $animatedProgress: androidx.compose.animation.core.Animatable<kotlin.Float, androidx.compose.animation.core.AnimationVector1D>, $validatedProgress: kotlin.Float, $animationDuration: kotlin.Int, $progressColor: androidx.compose.ui.graphics.Color, $backgroundColor: androidx.compose.ui.graphics.Color, $completion: kotlin.coroutines.Continuation<com.example.jcmodule.AnimatedProgressBarKt.JCAnimatedProgressBar-OoHUuok.<no name provided>>?) [primary] declared in com.example.jcmodule.AnimatedProgressBarKt.JCAnimatedProgressBar-OoHUuok.<no name provided>' type=com.example.jcmodule.AnimatedProgressBarKt.JCAnimatedProgressBar-OoHUuok.<no name provided> origin=null
                  $coroutineScope: GET_FIELD 'FIELD FIELD_FOR_CAPTURED_VALUE name:$coroutineScope type:kotlinx.coroutines.CoroutineScope visibility:public/*package*/ [final] declared in com.example.jcmodule.AnimatedProgressBarKt.JCAnimatedProgressBar-OoHUuok.<no name provided>' type=kotlinx.coroutines.CoroutineScope origin=null
                    receiver: GET_VAR '<this>: com.example.jcmodule.AnimatedProgressBarKt.JCAnimatedProgressBar-OoHUuok.<no name provided> declared in com.example.jcmodule.AnimatedProgressBarKt.JCAnimatedProgressBar-OoHUuok.<no name provided>.create' type=com.example.jcmodule.AnimatedProgressBarKt.JCAnimatedProgressBar-OoHUuok.<no name provided> origin=null
                  $modifier: GET_FIELD 'FIELD FIELD_FOR_CAPTURED_VALUE name:$modifier type:androidx.compose.ui.Modifier visibility:public/*package*/ [final] declared in com.example.jcmodule.AnimatedProgressBarKt.JCAnimatedProgressBar-OoHUuok.<no name provided>' type=androidx.compose.ui.Modifier origin=null
                    receiver: GET_VAR '<this>: com.example.jcmodule.AnimatedProgressBarKt.JCAnimatedProgressBar-OoHUuok.<no name provided> declared in com.example.jcmodule.AnimatedProgressBarKt.JCAnimatedProgressBar-OoHUuok.<no name provided>.create' type=com.example.jcmodule.AnimatedProgressBarKt.JCAnimatedProgressBar-OoHUuok.<no name provided> origin=null
                  $animatedProgress: GET_FIELD 'FIELD FIELD_FOR_CAPTURED_VALUE name:$animatedProgress type:androidx.compose.animation.core.Animatable<kotlin.Float, androidx.compose.animation.core.AnimationVector1D> visibility:public/*package*/ [final] declared in com.example.jcmodule.AnimatedProgressBarKt.JCAnimatedProgressBar-OoHUuok.<no name provided>' type=androidx.compose.animation.core.Animatable<kotlin.Float, androidx.compose.animation.core.AnimationVector1D> origin=null
                    receiver: GET_VAR '<this>: com.example.jcmodule.AnimatedProgressBarKt.JCAnimatedProgressBar-OoHUuok.<no name provided> declared in com.example.jcmodule.AnimatedProgressBarKt.JCAnimatedProgressBar-OoHUuok.<no name provided>.create' type=com.example.jcmodule.AnimatedProgressBarKt.JCAnimatedProgressBar-OoHUuok.<no name provided> origin=null
                  $validatedProgress: GET_FIELD 'FIELD FIELD_FOR_CAPTURED_VALUE name:$validatedProgress type:kotlin.Float visibility:public/*package*/ [final] declared in com.example.jcmodule.AnimatedProgressBarKt.JCAnimatedProgressBar-OoHUuok.<no name provided>' type=kotlin.Float origin=null
                    receiver: GET_VAR '<this>: com.example.jcmodule.AnimatedProgressBarKt.JCAnimatedProgressBar-OoHUuok.<no name provided> declared in com.example.jcmodule.AnimatedProgressBarKt.JCAnimatedProgressBar-OoHUuok.<no name provided>.create' type=com.example.jcmodule.AnimatedProgressBarKt.JCAnimatedProgressBar-OoHUuok.<no name provided> origin=null
                  $animationDuration: GET_FIELD 'FIELD FIELD_FOR_CAPTURED_VALUE name:$animationDuration type:kotlin.Int visibility:public/*package*/ [final] declared in com.example.jcmodule.AnimatedProgressBarKt.JCAnimatedProgressBar-OoHUuok.<no name provided>' type=kotlin.Int origin=null
                    receiver: GET_VAR '<this>: com.example.jcmodule.AnimatedProgressBarKt.JCAnimatedProgressBar-OoHUuok.<no name provided> declared in com.example.jcmodule.AnimatedProgressBarKt.JCAnimatedProgressBar-OoHUuok.<no name provided>.create' type=com.example.jcmodule.AnimatedProgressBarKt.JCAnimatedProgressBar-OoHUuok.<no name provided> origin=null
                  $progressColor: GET_FIELD 'FIELD FIELD_FOR_CAPTURED_VALUE name:$progressColor type:androidx.compose.ui.graphics.Color visibility:public/*package*/ [final] declared in com.example.jcmodule.AnimatedProgressBarKt.JCAnimatedProgressBar-OoHUuok.<no name provided>' type=androidx.compose.ui.graphics.Color origin=null
                    receiver: GET_VAR '<this>: com.example.jcmodule.AnimatedProgressBarKt.JCAnimatedProgressBar-OoHUuok.<no name provided> declared in com.example.jcmodule.AnimatedProgressBarKt.JCAnimatedProgressBar-OoHUuok.<no name provided>.create' type=com.example.jcmodule.AnimatedProgressBarKt.JCAnimatedProgressBar-OoHUuok.<no name provided> origin=null
                  $backgroundColor: GET_FIELD 'FIELD FIELD_FOR_CAPTURED_VALUE name:$backgroundColor type:androidx.compose.ui.graphics.Color visibility:public/*package*/ [final] declared in com.example.jcmodule.AnimatedProgressBarKt.JCAnimatedProgressBar-OoHUuok.<no name provided>' type=androidx.compose.ui.graphics.Color origin=null
                    receiver: GET_VAR '<this>: com.example.jcmodule.AnimatedProgressBarKt.JCAnimatedProgressBar-OoHUuok.<no name provided> declared in com.example.jcmodule.AnimatedProgressBarKt.JCAnimatedProgressBar-OoHUuok.<no name provided>.create' type=com.example.jcmodule.AnimatedProgressBarKt.JCAnimatedProgressBar-OoHUuok.<no name provided> origin=null
                  $completion: GET_VAR '$completion: kotlin.coroutines.Continuation<kotlin.Nothing> declared in com.example.jcmodule.AnimatedProgressBarKt.JCAnimatedProgressBar-OoHUuok.<no name provided>.create' type=kotlin.coroutines.Continuation<kotlin.Nothing> origin=null
          FUN name:invoke visibility:public modality:FINAL <> ($this:com.example.jcmodule.AnimatedProgressBarKt.JCAnimatedProgressBar-OoHUuok.<no name provided>, p1:kotlinx.coroutines.CoroutineScope, p2:kotlin.coroutines.Continuation<kotlin.Unit>?) returnType:kotlin.Any?
            overridden:
              public abstract fun invoke (p1: P1 of kotlin.jvm.functions.Function2, p2: P2 of kotlin.jvm.functions.Function2): R of kotlin.jvm.functions.Function2 declared in kotlin.jvm.functions.Function2
            $this: VALUE_PARAMETER INSTANCE_RECEIVER name:<this> type:com.example.jcmodule.AnimatedProgressBarKt.JCAnimatedProgressBar-OoHUuok.<no name provided>
            VALUE_PARAMETER name:p1 index:0 type:kotlinx.coroutines.CoroutineScope
            VALUE_PARAMETER name:p2 index:1 type:kotlin.coroutines.Continuation<kotlin.Unit>?
            BLOCK_BODY
              RETURN type=kotlin.Nothing from='public final fun invoke (p1: kotlinx.coroutines.CoroutineScope, p2: kotlin.coroutines.Continuation<kotlin.Unit>?): kotlin.Any? declared in com.example.jcmodule.AnimatedProgressBarKt.JCAnimatedProgressBar-OoHUuok.<no name provided>'
                CALL 'public final fun invokeSuspend ($result: kotlin.Result<kotlin.Any?>): kotlin.Any? declared in com.example.jcmodule.AnimatedProgressBarKt.JCAnimatedProgressBar-OoHUuok.<no name provided>' type=kotlin.Any? origin=null
                  $this: TYPE_OP type=com.example.jcmodule.AnimatedProgressBarKt.JCAnimatedProgressBar-OoHUuok.<no name provided> origin=IMPLICIT_CAST typeOperand=com.example.jcmodule.AnimatedProgressBarKt.JCAnimatedProgressBar-OoHUuok.<no name provided>
                    CALL 'public final fun create (value: kotlin.Any?, $completion: kotlin.coroutines.Continuation<kotlin.Nothing>): kotlin.coroutines.Continuation<kotlin.Unit> declared in com.example.jcmodule.AnimatedProgressBarKt.JCAnimatedProgressBar-OoHUuok.<no name provided>' type=kotlin.coroutines.Continuation<kotlin.Unit> origin=null
                      $this: GET_VAR '<this>: com.example.jcmodule.AnimatedProgressBarKt.JCAnimatedProgressBar-OoHUuok.<no name provided> declared in com.example.jcmodule.AnimatedProgressBarKt.JCAnimatedProgressBar-OoHUuok.<no name provided>.invoke' type=com.example.jcmodule.AnimatedProgressBarKt.JCAnimatedProgressBar-OoHUuok.<no name provided> origin=null
                      value: GET_VAR 'p1: kotlinx.coroutines.CoroutineScope declared in com.example.jcmodule.AnimatedProgressBarKt.JCAnimatedProgressBar-OoHUuok.<no name provided>.invoke' type=kotlinx.coroutines.CoroutineScope origin=null
                      $completion: GET_VAR 'p2: kotlin.coroutines.Continuation<kotlin.Unit>? declared in com.example.jcmodule.AnimatedProgressBarKt.JCAnimatedProgressBar-OoHUuok.<no name provided>.invoke' type=kotlin.coroutines.Continuation<kotlin.Unit>? origin=null
                  $result: CALL 'public final fun <unsafe-coerce> <T, R> (v: T of kotlin.jvm.internal.<unsafe-coerce>): R of kotlin.jvm.internal.<unsafe-coerce> declared in kotlin.jvm.internal' type=kotlin.Result<kotlin.Any?> origin=null
                    <T>: kotlin.Any?
                    <R>: kotlin.Result<kotlin.Any?>
                    v: GET_FIELD 'FIELD FIELD_FOR_OBJECT_INSTANCE name:INSTANCE type:kotlin.Unit visibility:public [final,static] declared in kotlin.Unit' type=kotlin.Unit origin=null
          FIELD FIELD_FOR_CAPTURED_VALUE name:$coroutineScope type:kotlinx.coroutines.CoroutineScope visibility:public/*package*/ [final]
          FIELD FIELD_FOR_CAPTURED_VALUE name:$modifier type:androidx.compose.ui.Modifier visibility:public/*package*/ [final]
          FIELD FIELD_FOR_CAPTURED_VALUE name:$animatedProgress type:androidx.compose.animation.core.Animatable<kotlin.Float, androidx.compose.animation.core.AnimationVector1D> visibility:public/*package*/ [final]
          FIELD FIELD_FOR_CAPTURED_VALUE name:$validatedProgress type:kotlin.Float visibility:public/*package*/ [final]
          FIELD FIELD_FOR_CAPTURED_VALUE name:$animationDuration type:kotlin.Int visibility:public/*package*/ [final]
          FIELD FIELD_FOR_CAPTURED_VALUE name:$progressColor type:androidx.compose.ui.graphics.Color visibility:public/*package*/ [final]
          FIELD FIELD_FOR_CAPTURED_VALUE name:$backgroundColor type:androidx.compose.ui.graphics.Color visibility:public/*package*/ [final]
          FUN INLINE_LAMBDA name:invokeSuspend$lambda$0 visibility:private modality:FINAL <> ($receiver:androidx.compose.foundation.layout.ColumnScope, $animatedProgress:androidx.compose.animation.core.Animatable<kotlin.Float, androidx.compose.animation.core.AnimationVector1D>, $progressColor:androidx.compose.ui.graphics.Color, $backgroundColor:androidx.compose.ui.graphics.Color) returnType:kotlin.Unit
            $receiver: VALUE_PARAMETER name:$this$Column type:androidx.compose.foundation.layout.ColumnScope
            VALUE_PARAMETER BOUND_VALUE_PARAMETER name:$animatedProgress index:0 type:androidx.compose.animation.core.Animatable<kotlin.Float, androidx.compose.animation.core.AnimationVector1D>
            VALUE_PARAMETER BOUND_VALUE_PARAMETER name:$progressColor index:1 type:androidx.compose.ui.graphics.Color
            VALUE_PARAMETER BOUND_VALUE_PARAMETER name:$backgroundColor index:2 type:androidx.compose.ui.graphics.Color
            BLOCK_BODY
              VAR name:$i$a$-Column$default-AnimatedProgressBarKt$JCAnimatedProgressBar$1$2 type:kotlin.Int [val]
                CONST Int type=kotlin.Int value=0
              CALL 'public final fun LinearProgressIndicator-p4T4FNo$default (progress: kotlin.Float, modifier: androidx.compose.ui.Modifier?, color: androidx.compose.ui.graphics.Color, trackColor: androidx.compose.ui.graphics.Color, strokeCap: androidx.compose.ui.graphics.StrokeCap, $mask0: kotlin.Int, $handler: kotlin.Any?): kotlin.Unit declared in androidx.compose.material3.ProgressIndicatorKt' type=kotlin.Unit origin=DEFAULT_DISPATCH_CALL
                progress: CALL 'public final fun <get-value> (): T of androidx.compose.animation.core.Animatable declared in androidx.compose.animation.core.Animatable' type=kotlin.Float origin=GET_PROPERTY
                  $this: GET_VAR '$animatedProgress: androidx.compose.animation.core.Animatable<kotlin.Float, androidx.compose.animation.core.AnimationVector1D> declared in com.example.jcmodule.AnimatedProgressBarKt.JCAnimatedProgressBar-OoHUuok.<no name provided>.invokeSuspend$lambda$0' type=androidx.compose.animation.core.Animatable<kotlin.Float, androidx.compose.animation.core.AnimationVector1D> origin=null
                modifier: CALL 'public final fun height-3ABfNKs (height: androidx.compose.ui.unit.Dp): androidx.compose.ui.Modifier declared in androidx.compose.foundation.layout.SizeKt' type=androidx.compose.ui.Modifier origin=null
                  $receiver: CALL 'public final fun fillMaxWidth$default (fraction: kotlin.Float, $mask0: kotlin.Int, $handler: kotlin.Any?): androidx.compose.ui.Modifier declared in androidx.compose.foundation.layout.SizeKt' type=androidx.compose.ui.Modifier origin=DEFAULT_DISPATCH_CALL
                    $receiver: GET_FIELD 'FIELD FIELD_FOR_OBJECT_INSTANCE name:Companion type:androidx.compose.ui.Modifier.Companion visibility:public [final,static] declared in androidx.compose.ui.Modifier' type=androidx.compose.ui.Modifier.Companion origin=null
                    fraction: COMPOSITE type=kotlin.Float origin=DEFAULT_VALUE
                      CONST Float type=kotlin.Float value=0.0
                    $mask0: CONST Int type=kotlin.Int value=1
                    $handler: CONST Null type=kotlin.Any? value=null
                  height: CALL 'public final fun <get-dp> (): androidx.compose.ui.unit.Dp [inline] declared in androidx.compose.ui.unit.DpKt' type=androidx.compose.ui.unit.Dp origin=GET_PROPERTY
                    $receiver: CONST Int type=kotlin.Int value=8
                color: GET_VAR '$progressColor: androidx.compose.ui.graphics.Color declared in com.example.jcmodule.AnimatedProgressBarKt.JCAnimatedProgressBar-OoHUuok.<no name provided>.invokeSuspend$lambda$0' type=androidx.compose.ui.graphics.Color origin=null
                trackColor: GET_VAR '$backgroundColor: androidx.compose.ui.graphics.Color declared in com.example.jcmodule.AnimatedProgressBarKt.JCAnimatedProgressBar-OoHUuok.<no name provided>.invokeSuspend$lambda$0' type=androidx.compose.ui.graphics.Color origin=null
                strokeCap: COMPOSITE type=androidx.compose.ui.graphics.StrokeCap origin=DEFAULT_VALUE
                  CALL 'public final fun <unsafe-coerce> <T, R> (v: T of kotlin.jvm.internal.<unsafe-coerce>): R of kotlin.jvm.internal.<unsafe-coerce> declared in kotlin.jvm.internal' type=androidx.compose.ui.graphics.StrokeCap origin=null
                    <T>: kotlin.Int
                    <R>: androidx.compose.ui.graphics.StrokeCap
                    v: CONST Int type=kotlin.Int value=0
                $mask0: CONST Int type=kotlin.Int value=16
                $handler: CONST Null type=kotlin.Any? value=null
          FUN BRIDGE name:invoke visibility:public modality:OPEN <> ($this:com.example.jcmodule.AnimatedProgressBarKt.JCAnimatedProgressBar-OoHUuok.<no name provided>, p1:kotlin.Any?, p2:kotlin.Any?) returnType:kotlin.Any?
            $this: VALUE_PARAMETER INSTANCE_RECEIVER name:<this> type:com.example.jcmodule.AnimatedProgressBarKt.JCAnimatedProgressBar-OoHUuok.<no name provided>
            VALUE_PARAMETER BRIDGE name:p1 index:0 type:kotlin.Any?
            VALUE_PARAMETER BRIDGE name:p2 index:1 type:kotlin.Any?
            EXPRESSION_BODY
              RETURN type=kotlin.Nothing from='public open fun invoke (p1: kotlin.Any?, p2: kotlin.Any?): kotlin.Any? declared in com.example.jcmodule.AnimatedProgressBarKt.JCAnimatedProgressBar-OoHUuok.<no name provided>'
                CALL 'public final fun invoke (p1: kotlinx.coroutines.CoroutineScope, p2: kotlin.coroutines.Continuation<kotlin.Unit>?): kotlin.Any? declared in com.example.jcmodule.AnimatedProgressBarKt.JCAnimatedProgressBar-OoHUuok.<no name provided>' type=kotlin.Any? origin=BRIDGE_DELEGATION
                  $this: GET_VAR '<this>: com.example.jcmodule.AnimatedProgressBarKt.JCAnimatedProgressBar-OoHUuok.<no name provided> declared in com.example.jcmodule.AnimatedProgressBarKt.JCAnimatedProgressBar-OoHUuok.<no name provided>.invoke' type=com.example.jcmodule.AnimatedProgressBarKt.JCAnimatedProgressBar-OoHUuok.<no name provided> origin=null
                  p1: TYPE_OP type=kotlinx.coroutines.CoroutineScope origin=IMPLICIT_CAST typeOperand=kotlinx.coroutines.CoroutineScope
                    GET_VAR 'p1: kotlin.Any? declared in com.example.jcmodule.AnimatedProgressBarKt.JCAnimatedProgressBar-OoHUuok.<no name provided>.invoke' type=kotlin.Any? origin=null
                  p2: TYPE_OP type=kotlin.coroutines.Continuation<*> origin=IMPLICIT_CAST typeOperand=kotlin.coroutines.Continuation<*>
                    GET_VAR 'p2: kotlin.Any? declared in com.example.jcmodule.AnimatedProgressBarKt.JCAnimatedProgressBar-OoHUuok.<no name provided>.invoke' type=kotlin.Any? origin=null
        CONSTRUCTOR_CALL 'public/*package*/ constructor <init> ($coroutineScope: kotlinx.coroutines.CoroutineScope, $modifier: androidx.compose.ui.Modifier, $animatedProgress: androidx.compose.animation.core.Animatable<kotlin.Float, androidx.compose.animation.core.AnimationVector1D>, $validatedProgress: kotlin.Float, $animationDuration: kotlin.Int, $progressColor: androidx.compose.ui.graphics.Color, $backgroundColor: androidx.compose.ui.graphics.Color, $completion: kotlin.coroutines.Continuation<com.example.jcmodule.AnimatedProgressBarKt.JCAnimatedProgressBar-OoHUuok.<no name provided>>?) [primary] declared in com.example.jcmodule.AnimatedProgressBarKt.JCAnimatedProgressBar-OoHUuok.<no name provided>' type=com.example.jcmodule.AnimatedProgressBarKt.JCAnimatedProgressBar-OoHUuok.<no name provided> origin=null
          $coroutineScope: GET_VAR 'val coroutineScope: kotlinx.coroutines.CoroutineScope [val] declared in com.example.jcmodule.AnimatedProgressBarKt.JCAnimatedProgressBar-OoHUuok' type=kotlinx.coroutines.CoroutineScope origin=null
          $modifier: GET_VAR 'modifier: androidx.compose.ui.Modifier declared in com.example.jcmodule.AnimatedProgressBarKt.JCAnimatedProgressBar-OoHUuok' type=androidx.compose.ui.Modifier origin=null
          $animatedProgress: GET_VAR 'val animatedProgress: androidx.compose.animation.core.Animatable<kotlin.Float, androidx.compose.animation.core.AnimationVector1D> [val] declared in com.example.jcmodule.AnimatedProgressBarKt.JCAnimatedProgressBar-OoHUuok' type=androidx.compose.animation.core.Animatable<kotlin.Float, androidx.compose.animation.core.AnimationVector1D> origin=null
          $validatedProgress: GET_VAR 'val validatedProgress: kotlin.Float [val] declared in com.example.jcmodule.AnimatedProgressBarKt.JCAnimatedProgressBar-OoHUuok' type=kotlin.Float origin=null
          $animationDuration: GET_VAR 'animationDuration: kotlin.Int declared in com.example.jcmodule.AnimatedProgressBarKt.JCAnimatedProgressBar-OoHUuok' type=kotlin.Int origin=null
          $progressColor: GET_VAR 'progressColor: androidx.compose.ui.graphics.Color declared in com.example.jcmodule.AnimatedProgressBarKt.JCAnimatedProgressBar-OoHUuok' type=androidx.compose.ui.graphics.Color origin=null
          $backgroundColor: GET_VAR 'backgroundColor: androidx.compose.ui.graphics.Color declared in com.example.jcmodule.AnimatedProgressBarKt.JCAnimatedProgressBar-OoHUuok' type=androidx.compose.ui.graphics.Color origin=null
          $completion: CONST Null type=kotlin.Nothing? value=null

	at org.jetbrains.kotlin.backend.jvm.codegen.FunctionCodegen.generate(FunctionCodegen.kt:47)
	at org.jetbrains.kotlin.backend.jvm.codegen.FunctionCodegen.generate$default(FunctionCodegen.kt:40)
	at org.jetbrains.kotlin.backend.jvm.codegen.ClassCodegen.generateMethodNode(ClassCodegen.kt:406)
	at org.jetbrains.kotlin.backend.jvm.codegen.ClassCodegen.generateMethod(ClassCodegen.kt:423)
	at org.jetbrains.kotlin.backend.jvm.codegen.ClassCodegen.generate(ClassCodegen.kt:168)
	at org.jetbrains.kotlin.backend.jvm.FileCodegen.lower(JvmPhases.kt:39)
	at org.jetbrains.kotlin.backend.common.phaser.PhaseFactoriesKt.createFilePhase$lambda$4(PhaseFactories.kt:71)
	at org.jetbrains.kotlin.backend.common.phaser.PhaseBuildersKt$createSimpleNamedCompilerPhase$1.phaseBody(PhaseBuilders.kt:69)
	at org.jetbrains.kotlin.backend.common.phaser.SimpleNamedCompilerPhase.phaseBody(CompilerPhase.kt:226)
	at org.jetbrains.kotlin.backend.common.phaser.AbstractNamedCompilerPhase.invoke(CompilerPhase.kt:113)
	at org.jetbrains.kotlin.backend.common.phaser.PerformByIrFilePhase.invokeSequential(performByIrFile.kt:62)
	... 43 more
Caused by: org.jetbrains.kotlin.codegen.CompilationException: Back-end (JVM) Internal error: Couldn't inline method call: CALL 'public final fun remember <T> (calculation: @[DisallowComposableCalls] kotlin.Function0<T of androidx.compose.runtime.ComposablesKt.remember>): T of androidx.compose.runtime.ComposablesKt.remember [inline] declared in androidx.compose.runtime.ComposablesKt' type=androidx.compose.animation.core.Animatable<kotlin.Float, androidx.compose.animation.core.AnimationVector1D> origin=null
Method: null
File is unknown
The root cause java.lang.IllegalStateException was thrown at: org.jetbrains.kotlin.codegen.inline.SourceCompilerForInlineKt.getMethodNode(SourceCompilerForInline.kt:118)
	at org.jetbrains.kotlin.codegen.inline.InlineCodegen.performInline(InlineCodegen.kt:65)
	at org.jetbrains.kotlin.backend.jvm.codegen.IrInlineCodegen.genInlineCall(IrInlineCodegen.kt:163)
	at org.jetbrains.kotlin.backend.jvm.codegen.IrInlineCallGenerator.genCall(IrInlineCallGenerator.kt:36)
	at org.jetbrains.kotlin.backend.jvm.codegen.ExpressionCodegen.visitCall(ExpressionCodegen.kt:653)
	at org.jetbrains.kotlin.backend.jvm.codegen.ExpressionCodegen.visitCall(ExpressionCodegen.kt:138)
	at org.jetbrains.kotlin.ir.expressions.IrCall.accept(IrCall.kt:24)
	at org.jetbrains.kotlin.backend.jvm.codegen.ExpressionCodegen.visitVariable(ExpressionCodegen.kt:790)
	at org.jetbrains.kotlin.backend.jvm.codegen.ExpressionCodegen.visitVariable(ExpressionCodegen.kt:138)
	at org.jetbrains.kotlin.ir.declarations.IrVariable.accept(IrVariable.kt:36)
	at org.jetbrains.kotlin.backend.jvm.codegen.ExpressionCodegen.visitStatementContainer(ExpressionCodegen.kt:579)
	at org.jetbrains.kotlin.backend.jvm.codegen.ExpressionCodegen.visitBlockBody(ExpressionCodegen.kt:584)
	at org.jetbrains.kotlin.backend.jvm.codegen.ExpressionCodegen.visitBlockBody(ExpressionCodegen.kt:138)
	at org.jetbrains.kotlin.ir.expressions.IrBlockBody.accept(IrBlockBody.kt:20)
	at org.jetbrains.kotlin.backend.jvm.codegen.ExpressionCodegen.generate(ExpressionCodegen.kt:240)
	at org.jetbrains.kotlin.backend.jvm.codegen.FunctionCodegen.doGenerate(FunctionCodegen.kt:123)
	at org.jetbrains.kotlin.backend.jvm.codegen.FunctionCodegen.generate(FunctionCodegen.kt:44)
	... 53 more
Caused by: java.lang.IllegalStateException: couldn't find inline method Landroidx/compose/runtime/ComposablesKt;.remember(Lkotlin/jvm/functions/Function0;)Ljava/lang/Object;
	at org.jetbrains.kotlin.codegen.inline.SourceCompilerForInlineKt.getMethodNode(SourceCompilerForInline.kt:118)
	at org.jetbrains.kotlin.codegen.inline.SourceCompilerForInlineKt.loadCompiledInlineFunction(SourceCompilerForInline.kt:96)
	at org.jetbrains.kotlin.backend.jvm.codegen.IrSourceCompilerForInline.compileInlineFunction(IrSourceCompilerForInline.kt:91)
	at org.jetbrains.kotlin.codegen.inline.InlineCodegen.compileInline(InlineCodegen.kt:43)
	at org.jetbrains.kotlin.codegen.inline.InlineCodegen.performInline(InlineCodegen.kt:51)
	... 68 more


